This is pdfTeX, Version 3.1415926-1.40.11 (MiKTeX 2.9) (preloaded format=pdflatex 2018.4.26)  2 NOV 2018 11:41
entering extended mode
**thesis.tex
("D:\Users\ameni\Masters work\Thesis\DissertationLatex\thesis.tex"
LaTeX2e <2009/09/24>
Babel <v3.8l> and hyphenation patterns for english, afrikaans, ancientgreek, ar
abic, armenian, assamese, basque, bengali, bokmal, bulgarian, catalan, coptic, 
croatian, czech, danish, dutch, esperanto, estonian, farsi, finnish, french, ga
lician, german, german-x-2009-06-19, greek, gujarati, hindi, hungarian, iceland
ic, indonesian, interlingua, irish, italian, kannada, kurmanji, lao, latin, lat
vian, lithuanian, malayalam, marathi, mongolian, mongolianlmc, monogreek, ngerm
an, ngerman-x-2009-06-19, nynorsk, oriya, panjabi, pinyin, polish, portuguese, 
romanian, russian, sanskrit, serbian, slovak, slovenian, spanish, swedish, swis
sgerman, tamil, telugu, turkish, turkmen, ukenglish, ukrainian, uppersorbian, u
senglishmax, welsh, loaded.
("D:\Users\ameni\Masters work\Thesis\DissertationLatex\LatexClass/ulthesis.cls"

LaTeX Warning: You have requested document class `LatexClass/ulthesis',
               but the document class provides `ulthesis'.

Document Class: ulthesis 
**
** University of Louisville Thesis Style File, Version 2.0.3 
**
** Meets the Graduate School requirements of July 2006
**
("C:\Program Files (x86)\MiKTeX 2.9\tex\latex\base\size10.clo"
File: size10.clo 2007/10/19 v1.4h Standard LaTeX file (size option)
)
\c@part=\count79
\c@chapter=\count80
\c@section=\count81
\c@subsection=\count82
\c@subsubsection=\count83
\c@paragraph=\count84
\c@subparagraph=\count85
\c@figure=\count86
\c@table=\count87
\abovecaptionskip=\skip41
\belowcaptionskip=\skip42
\bibindent=\dimen102
\hour=\count88
\minute=\count89
\dow=\count90
\leap=\count91
\x=\count92
\y=\count93
\abovetabcaptionskip=\skip43
\belowtabcaptionskip=\skip44
)
("C:\Program Files (x86)\MiKTeX 2.9\tex\latex\graphics\epsfig.sty"
Package: epsfig 1999/02/16 v1.7a (e)psfig emulation (SPQR)

("C:\Program Files (x86)\MiKTeX 2.9\tex\latex\graphics\graphicx.sty"
Package: graphicx 1999/02/16 v1.0f Enhanced LaTeX Graphics (DPC,SPQR)

("C:\Program Files (x86)\MiKTeX 2.9\tex\latex\graphics\keyval.sty"
Package: keyval 1999/03/16 v1.13 key=value parser (DPC)
\KV@toks@=\toks14
)
("C:\Program Files (x86)\MiKTeX 2.9\tex\latex\graphics\graphics.sty"
Package: graphics 2009/02/05 v1.0o Standard LaTeX Graphics (DPC,SPQR)

("C:\Program Files (x86)\MiKTeX 2.9\tex\latex\graphics\trig.sty"
Package: trig 1999/03/16 v1.09 sin cos tan (DPC)
)
("C:\Program Files (x86)\MiKTeX 2.9\tex\latex\00miktex\graphics.cfg"
File: graphics.cfg 2007/01/18 v1.5 graphics configuration of teTeX/TeXLive
)
Package graphics Info: Driver file: pdftex.def on input line 91.

("C:\Program Files (x86)\MiKTeX 2.9\tex\latex\pdftex-def\pdftex.def"
File: pdftex.def 2010/09/14 v0.05b Graphics/color for pdfTeX
\Gread@gobject=\count94
))
\Gin@req@height=\dimen103
\Gin@req@width=\dimen104
)
\epsfxsize=\dimen105
\epsfysize=\dimen106
)
("C:\Program Files (x86)\MiKTeX 2.9\tex\latex\amsfonts\amssymb.sty"
Package: amssymb 2009/06/22 v3.00

("C:\Program Files (x86)\MiKTeX 2.9\tex\latex\amsfonts\amsfonts.sty"
Package: amsfonts 2009/06/22 v3.00 Basic AMSFonts support
\@emptytoks=\toks15
\symAMSa=\mathgroup4
\symAMSb=\mathgroup5
LaTeX Font Info:    Overwriting math alphabet `\mathfrak' in version `bold'
(Font)                  U/euf/m/n --> U/euf/b/n on input line 96.
))
("C:\Program Files (x86)\MiKTeX 2.9\tex\latex\ams\math\amsmath.sty"
Package: amsmath 2000/07/18 v2.13 AMS math features
\@mathmargin=\skip45

For additional information on amsmath, use the `?' option.
("C:\Program Files (x86)\MiKTeX 2.9\tex\latex\ams\math\amstext.sty"
Package: amstext 2000/06/29 v2.01

("C:\Program Files (x86)\MiKTeX 2.9\tex\latex\ams\math\amsgen.sty"
File: amsgen.sty 1999/11/30 v2.0
\@emptytoks=\toks16
\ex@=\dimen107
))
("C:\Program Files (x86)\MiKTeX 2.9\tex\latex\ams\math\amsbsy.sty"
Package: amsbsy 1999/11/29 v1.2d
\pmbraise@=\dimen108
)
("C:\Program Files (x86)\MiKTeX 2.9\tex\latex\ams\math\amsopn.sty"
Package: amsopn 1999/12/14 v2.01 operator names
)
\inf@bad=\count95
LaTeX Info: Redefining \frac on input line 211.
\uproot@=\count96
\leftroot@=\count97
LaTeX Info: Redefining \overline on input line 307.
\classnum@=\count98
\DOTSCASE@=\count99
LaTeX Info: Redefining \ldots on input line 379.
LaTeX Info: Redefining \dots on input line 382.
LaTeX Info: Redefining \cdots on input line 467.
\Mathstrutbox@=\box26
\strutbox@=\box27
\big@size=\dimen109
LaTeX Font Info:    Redeclaring font encoding OML on input line 567.
LaTeX Font Info:    Redeclaring font encoding OMS on input line 568.
\macc@depth=\count100
\c@MaxMatrixCols=\count101
\dotsspace@=\muskip10
\c@parentequation=\count102
\dspbrk@lvl=\count103
\tag@help=\toks17
\row@=\count104
\column@=\count105
\maxfields@=\count106
\andhelp@=\toks18
\eqnshift@=\dimen110
\alignsep@=\dimen111
\tagshift@=\dimen112
\tagwidth@=\dimen113
\totwidth@=\dimen114
\lineht@=\dimen115
\@envbody=\toks19
\multlinegap=\skip46
\multlinetaggap=\skip47
\mathdisplay@stack=\toks20
LaTeX Info: Redefining \[ on input line 2666.
LaTeX Info: Redefining \] on input line 2667.
)
("C:\Program Files (x86)\MiKTeX 2.9\tex\latex\ams\classes\amsthm.sty"
Package: amsthm 2004/08/06 v2.20
\thm@style=\toks21
\thm@bodyfont=\toks22
\thm@headfont=\toks23
\thm@notefont=\toks24
\thm@headpunct=\toks25
\thm@preskip=\skip48
\thm@postskip=\skip49
\thm@headsep=\skip50
\dth@everypar=\toks26
)
("C:\Program Files (x86)\MiKTeX 2.9\tex\latex\algorithms\algorithm.sty"
Package: algorithm 2009/08/24 v0.1 Document Style `algorithm' - floating enviro
nment

("C:\Program Files (x86)\MiKTeX 2.9\tex\latex\float\float.sty"
Package: float 2001/11/08 v1.3d Float enhancements (AL)
\c@float@type=\count107
\float@exts=\toks27
\float@box=\box28
\@float@everytoks=\toks28
\@floatcapt=\box29
)
("C:\Program Files (x86)\MiKTeX 2.9\tex\latex\base\ifthen.sty"
Package: ifthen 2001/05/26 v1.1c Standard LaTeX ifthen package (DPC)
)
\@float@every@algorithm=\toks29
\c@algorithm=\count108
)
("C:\Program Files (x86)\MiKTeX 2.9\tex\latex\algorithms\algorithmic.sty"
Package: algorithmic 2009/08/24 v0.1 Document Style `algorithmic'
\c@ALC@unique=\count109
\c@ALC@line=\count110
\c@ALC@rem=\count111
\c@ALC@depth=\count112
\ALC@tlm=\skip51
\algorithmicindent=\skip52
)
("C:\Program Files (x86)\MiKTeX 2.9\tex\latex\fancybox\fancybox.sty"
Package: fancybox 2010/05/15 1.4

Style option: `fancybox' v1.4 <2010/05/15> (tvz)
\@fancybox=\box30
\shadowsize=\dimen116
\@Sbox=\box31
\do@VerbBox=\toks30
\the@fancyput=\toks31
\this@fancyput=\toks32
\EndVerbatimTokens=\toks33
\Verbatim@Outfile=\write3
\Verbatim@Infile=\read1
) ("C:\Program Files (x86)\MiKTeX 2.9\tex\latex\multirow\multirow.sty"
\bigstrutjot=\dimen117
)
("C:\Program Files (x86)\MiKTeX 2.9\tex\latex\cite\cite.sty"
LaTeX Info: Redefining \cite on input line 302.
LaTeX Info: Redefining \nocite on input line 332.
Package: cite 2015/02/27  v 5.5
)
("C:\Program Files (x86)\MiKTeX 2.9\tex\latex\bigfoot\perpage.sty"
Package: perpage 2014/10/25 2.0 Reset/sort counters per page
\c@abspage=\count113
)
("C:\Program Files (x86)\MiKTeX 2.9\tex\latex\caption\subcaption.sty"
Package: subcaption 2016/05/22 v1.1-161 Sub-captions (AR)

("C:\Program Files (x86)\MiKTeX 2.9\tex\latex\caption\caption.sty"
Package: caption 2016/02/21 v3.3-144 Customizing captions (AR)

("C:\Program Files (x86)\MiKTeX 2.9\tex\latex\caption\caption3.sty"
Package: caption3 2016/05/22 v1.7-166 caption3 kernel (AR)
Package caption3 Info: TeX engine: e-TeX on input line 67.
\captionmargin=\dimen118
\captionmargin@=\dimen119
\captionwidth=\dimen120
\caption@tempdima=\dimen121
\caption@indent=\dimen122
\caption@parindent=\dimen123
\caption@hangindent=\dimen124
Package caption Info: Unknown document class (or package),
(caption)             standard defaults will be used.
)

Package caption Warning: Unsupported document class (or package) detected,
(caption)                usage of the caption package is not recommended.
See the caption package documentation for explanation.

Package caption Info: \@makecaption = \long macro:#1#2->\vskip \abovecaptionski
p \sbox \@tempboxa {#1. #2}\ifdim \wd \@tempboxa >\hsize #1. #2\par \else \hbox
 to\hsize {\hfil \box \@tempboxa \hfil }\fi \vskip \belowcaptionskip .
\c@ContinuedFloat=\count114
Package caption Info: float package is loaded.
)
\c@subfigure=\count115
\c@subtable=\count116
) ("C:\Program Files (x86)\MiKTeX 2.9\tex\latex\slashbox\slashbox.sty"
slashbox style by K.Yasuoka, May 1993.
\@slashboxa=\box32
\@slashboxb=\box33
\@slashboxc=\box34
\@slashboxwd=\count117
\@slashboxht=\count118
\@slashsepl=\dimen125
\@slashsepr=\dimen126
)
\c@pp@a@footnote=\count119
\c@mydef=\count120


LaTeX Warning: Unused global option(s):
    [bottom=1in].

("D:\Users\ameni\Masters work\Thesis\DissertationLatex\thesis.aux"
("D:\Users\ameni\Masters work\Thesis\DissertationLatex\0_frontmatter/TitlePage.
aux")
("D:\Users\ameni\Masters work\Thesis\DissertationLatex\0_frontmatter/abstract.a
ux")
("D:\Users\ameni\Masters work\Thesis\DissertationLatex\1_introduction/Introduct
ion.aux")
("D:\Users\ameni\Masters work\Thesis\DissertationLatex\2_relatedWork/Background
.aux")
("D:\Users\ameni\Masters work\Thesis\DissertationLatex\3_proposedWork/main.aux"
)
("D:\Users\ameni\Masters work\Thesis\DissertationLatex\5_Experiments/Experiment
s.aux")
("D:\Users\ameni\Masters work\Thesis\DissertationLatex\4_Conclusions_FutureWork
/Conclusion.aux")
("D:\Users\ameni\Masters work\Thesis\DissertationLatex\6_backmatter/Vita.aux"))
LaTeX Font Info:    Checking defaults for OML/cmm/m/it on input line 35.
LaTeX Font Info:    ... okay on input line 35.
LaTeX Font Info:    Checking defaults for T1/cmr/m/n on input line 35.
LaTeX Font Info:    ... okay on input line 35.
LaTeX Font Info:    Checking defaults for OT1/cmr/m/n on input line 35.
LaTeX Font Info:    ... okay on input line 35.
LaTeX Font Info:    Checking defaults for OMS/cmsy/m/n on input line 35.
LaTeX Font Info:    ... okay on input line 35.
LaTeX Font Info:    Checking defaults for OMX/cmex/m/n on input line 35.
LaTeX Font Info:    ... okay on input line 35.
LaTeX Font Info:    Checking defaults for U/cmr/m/n on input line 35.
LaTeX Font Info:    ... okay on input line 35.
("C:\Program Files (x86)\MiKTeX 2.9\tex\context\base\supp-pdf.mkii"
[Loading MPS to PDF converter (version 2006.09.02).]
\scratchcounter=\count121
\scratchdimen=\dimen127
\scratchbox=\box35
\nofMPsegments=\count122
\nofMParguments=\count123
\everyMPshowfont=\toks34
\MPscratchCnt=\count124
\MPscratchDim=\dimen128
\MPnumerator=\count125
\makeMPintoPDFobject=\count126
\everyMPtoPDFconversion=\toks35
)
Package caption Info: Begin \AtBeginDocument code.
Package caption Info: End \AtBeginDocument code.

("D:\Users\ameni\Masters work\Thesis\DissertationLatex\0_frontmatter/TitlePage.
tex") [1



{C:/ProgramData/MiKTeX/2.9/pdftex/config/pdftex.map}] [1] [1

]
LaTeX Font Info:    Try loading font information for U+msa on input line 47.

("C:\Program Files (x86)\MiKTeX 2.9\tex\latex\amsfonts\umsa.fd"
File: umsa.fd 2009/06/22 v3.00 AMS symbols A
)
LaTeX Font Info:    Try loading font information for U+msb on input line 47.

("C:\Program Files (x86)\MiKTeX 2.9\tex\latex\amsfonts\umsb.fd"
File: umsb.fd 2009/06/22 v3.00 AMS symbols B
) [2

]
("D:\Users\ameni\Masters work\Thesis\DissertationLatex\0_frontmatter/abstract.t
ex" [3

]) ("D:\Users\ameni\Masters work\Thesis\DissertationLatex\thesis.toc"
[4

])
\tf@toc=\write4
 [5] ("D:\Users\ameni\Masters work\Thesis\DissertationLatex\thesis.lot")
\tf@lot=\write5

[6] ("D:\Users\ameni\Masters work\Thesis\DissertationLatex\thesis.lof" [7])
\tf@lof=\write6

[8]
("D:\Users\ameni\Masters work\Thesis\DissertationLatex\1_introduction/Introduct
ion.tex"
\normalfont {CHAPTER} 1.
[1


]
Underfull \hbox (badness 10000) in paragraph at lines 13--17

 []

<flow_data_process.JPG, id=42, 593.71812pt x 270.51062pt>
File: flow_data_process.JPG Graphic file (type jpg)

<use flow_data_process.JPG>
Overfull \hbox (21.62408pt too wide) in paragraph at lines 24--25
 [][] 
 []

[2]
Underfull \hbox (badness 10000) in paragraph at lines 44--47

 []

[3 <D:/Users/ameni/Masters work/Thesis/DissertationLatex/flow_data_process.JPG>
] [4]) [5]
("D:\Users\ameni\Masters work\Thesis\DissertationLatex\2_relatedWork/Background
.tex"
\normalfont {CHAPTER} 2.
<boxplot.png, id=56, 491.8375pt x 168.12813pt>
File: boxplot.png Graphic file (type png)
 <use boxplot.png>
Missing character: There is no â in font cmr10!
Missing character: There is no € in font cmr10!
Missing character: There is no “ in font cmr10!

Underfull \hbox (badness 10000) in paragraph at lines 25--27

 []

[6



]
Underfull \hbox (badness 10000) in paragraph at lines 30--31

 []

[7 <D:/Users/ameni/Masters work/Thesis/DissertationLatex/boxplot.png>]
Underfull \hbox (badness 10000) in paragraph at lines 54--56

 []


Underfull \hbox (badness 10000) in paragraph at lines 77--80

 []

[8]

Package caption Warning: \label without proper reference on input line 85.
See the caption package documentation for explanation.


LaTeX Warning: Reference `kimber' on page 9 undefined on input line 83.

<kimber.jpg, id=70, 198.7425pt x 376.40625pt>
File: kimber.jpg Graphic file (type jpg)
 <use kimber.jpg>
Underfull \hbox (badness 10000) in paragraph at lines 93--94

 []


Underfull \hbox (badness 10000) in paragraph at lines 119--121

 []

[9] <MVEll.JPG, id=75, 252.44313pt x 185.69376pt>
File: MVEll.JPG Graphic file (type jpg)
 <use MVEll.JPG>
<MVEll2.JPG, id=76, 250.43562pt x 186.6975pt>
File: MVEll2.JPG Graphic file (type jpg)
 <use MVEll2.JPG>
Overfull \hbox (4.44443pt too wide) in paragraph at lines 126--139
 [][]  [] 
 []

[10 <D:/Users/ameni/Masters work/Thesis/DissertationLatex/kimber.jpg>] [11 <D:/
Users/ameni/Masters work/Thesis/DissertationLatex/MVEll.JPG> <D:/Users/ameni/Ma
sters work/Thesis/DissertationLatex/MVEll2.JPG>]
Underfull \hbox (badness 10000) in paragraph at lines 185--186

 []

[12] [13]
Underfull \hbox (badness 10000) in paragraph at lines 225--227

 []

)
Underfull \hbox (badness 10000) in paragraph at lines 229--94

 []

[14]
("D:\Users\ameni\Masters work\Thesis\DissertationLatex\3_proposedWork/main.tex"
\normalfont {CHAPTER} 3.
<Work_Flow3.jpg, id=96, 704.6325pt x 722.7pt>
File: Work_Flow3.jpg Graphic file (type jpg)
 <use Work_Flow3.jpg>
Overfull \hbox (43.36464pt too wide) in paragraph at lines 7--8
 [][] 
 []

<first_step.jpg, id=97, 661.47125pt x 372.89313pt>
File: first_step.jpg Graphic file (type jpg)
 <use first_step.jpg>
[15



] [16 <D:/Users/ameni/Masters work/Thesis/DissertationLatex/Work_Flow3.jpg>] [1
7 <D:/Users/ameni/Masters work/Thesis/DissertationLatex/first_step.jpg>]
<second_step.jpg, id=108, 641.39626pt x 365.86688pt>
File: second_step.jpg Graphic file (type jpg)
 <use second_step.jpg>
Overfull \hbox (43.36464pt too wide) in paragraph at lines 57--58
 [][] 
 []

[18] [19 <D:/Users/ameni/Masters work/Thesis/DissertationLatex/second_step.jpg>
]
\normalfont {CHAPTER} 4.

Underfull \hbox (badness 10000) in paragraph at lines 91--93

 []

[20

] <no_outlier.jpg, id=118, 619.81563pt x 226.8475pt>
File: no_outlier.jpg Graphic file (type jpg)
 <use no_outlier.jpg>
<one_outlier.jpg, id=119, 625.83812pt x 230.36063pt>
File: one_outlier.jpg Graphic file (type jpg)
 <use one_outlier.jpg>
<two_outlier.jpg, id=120, 638.385pt x 232.36812pt>
File: two_outlier.jpg Graphic file (type jpg)
 <use two_outlier.jpg>)
[21] [22 <D:/Users/ameni/Masters work/Thesis/DissertationLatex/no_outlier.jpg> 
<D:/Users/ameni/Masters work/Thesis/DissertationLatex/one_outlier.jpg> <D:/User
s/ameni/Masters work/Thesis/DissertationLatex/two_outlier.jpg>]
("D:\Users\ameni\Masters work\Thesis\DissertationLatex\5_Experiments/Experiment
s.tex"
\normalfont {CHAPTER} 5.

Underfull \hbox (badness 10000) in paragraph at lines 10--11

 []

[23



] <ErrorBar_PLSDA_s3.jpg, id=132, 963.6pt x 524.96124pt>
File: ErrorBar_PLSDA_s3.jpg Graphic file (type jpg)

<use ErrorBar_PLSDA_s3.jpg>
<ErrorBar_PLSDA_2samples.jpg, id=133, 963.6pt x 439.6425pt>
File: ErrorBar_PLSDA_2samples.jpg Graphic file (type jpg)

<use ErrorBar_PLSDA_2samples.jpg> [24] [25 <D:/Users/ameni/Masters work/Thesis/
DissertationLatex/ErrorBar_PLSDA_s3.jpg> <D:/Users/ameni/Masters work/Thesis/Di
ssertationLatex/ErrorBar_PLSDA_2samples.jpg>]
<ErrorBar_PLSDA_2samplesingroup0-3.jpg, id=140, 722.7pt x 329.73187pt>
File: ErrorBar_PLSDA_2samplesingroup0-3.jpg Graphic file (type jpg)

<use ErrorBar_PLSDA_2samplesingroup0-3.jpg>
<MZ-data_surfaceOfS3.jpg, id=141, 963.6pt x 482.80376pt>
File: MZ-data_surfaceOfS3.jpg Graphic file (type jpg)

<use MZ-data_surfaceOfS3.jpg>
<RT-data_surfaceOfS3.jpg, id=142, 963.6pt x 482.80376pt>
File: RT-data_surfaceOfS3.jpg Graphic file (type jpg)

<use RT-data_surfaceOfS3.jpg>
<g0-7_errorbar.jpg, id=143, 963.6pt x 483.8075pt>
File: g0-7_errorbar.jpg Graphic file (type jpg)
 <use g0-7_errorbar.jpg>
<g3-6_errobar.jpg, id=144, 963.6pt x 524.96124pt>
File: g3-6_errobar.jpg Graphic file (type jpg)
 <use g3-6_errobar.jpg>
[26 <D:/Users/ameni/Masters work/Thesis/DissertationLatex/ErrorBar_PLSDA_2sampl
esingroup0-3.jpg>] [27 <D:/Users/ameni/Masters work/Thesis/DissertationLatex/MZ
-data_surfaceOfS3.jpg> <D:/Users/ameni/Masters work/Thesis/DissertationLatex/RT
-data_surfaceOfS3.jpg>] [28 <D:/Users/ameni/Masters work/Thesis/DissertationLat
ex/g0-7_errorbar.jpg> <D:/Users/ameni/Masters work/Thesis/DissertationLatex/g3-
6_errobar.jpg>]
Overfull \hbox (32.6549pt too wide) in paragraph at lines 104--123
 [][] 
 []


Overfull \hbox (32.6549pt too wide) in paragraph at lines 129--148
 [][] 
 []


LaTeX Warning: `h' float specifier changed to `ht'.

[29]) [30]
("D:\Users\ameni\Masters work\Thesis\DissertationLatex\4_Conclusions_FutureWork
/Conclusion.tex"
\normalfont {CHAPTER} 6.
[31



]) [32] ("D:\Users\ameni\Masters work\Thesis\DissertationLatex\thesis.bbl"
Missing character: There is no ö in font cmti10!
Missing character: There is no ä in font cmti10!

[33

]
Missing character: There is no – in font cmr10!
Missing character: There is no – in font cmr10!
) [34]
("D:\Users\ameni\Masters work\Thesis\DissertationLatex\6_backmatter/Vita.tex"
[35


]) ("D:\Users\ameni\Masters work\Thesis\DissertationLatex\thesis.aux"
("D:\Users\ameni\Masters work\Thesis\DissertationLatex\0_frontmatter/TitlePage.
aux")
("D:\Users\ameni\Masters work\Thesis\DissertationLatex\0_frontmatter/abstract.a
ux")
("D:\Users\ameni\Masters work\Thesis\DissertationLatex\1_introduction/Introduct
ion.aux")
("D:\Users\ameni\Masters work\Thesis\DissertationLatex\2_relatedWork/Background
.aux")
("D:\Users\ameni\Masters work\Thesis\DissertationLatex\3_proposedWork/main.aux"
)
("D:\Users\ameni\Masters work\Thesis\DissertationLatex\5_Experiments/Experiment
s.aux")
("D:\Users\ameni\Masters work\Thesis\DissertationLatex\4_Conclusions_FutureWork
/Conclusion.aux")
("D:\Users\ameni\Masters work\Thesis\DissertationLatex\6_backmatter/Vita.aux"))

LaTeX Warning: There were undefined references.

 ) 
Here is how much of TeX's memory you used:
 4024 strings out of 494019
 61396 string characters out of 3143882
 121767 words of memory out of 3000000
 7169 multiletter control sequences out of 15000+200000
 10939 words of font info for 42 fonts, out of 3000000 for 9000
 714 hyphenation exceptions out of 8191
 42i,13n,41p,1465b,469s stack positions out of 5000i,500n,10000p,200000b,50000s
<C:/Program Files (x86)/MiKTeX 2.9/fonts/type1/public/amsfonts/cm/cmbx10.pfb>
<C:/Program Files (x86)/MiKTeX 2.9/fonts/type1/public/amsfonts/cm/cmbx12.pfb><C
:/Program Files (x86)/MiKTeX 2.9/fonts/type1/public/amsfonts/cm/cmex10.pfb><C:/
Program Files (x86)/MiKTeX 2.9/fonts/type1/public/amsfonts/cm/cmmi10.pfb><C:/Pr
ogram Files (x86)/MiKTeX 2.9/fonts/type1/public/amsfonts/cm/cmmi5.pfb><C:/Progr
am Files (x86)/MiKTeX 2.9/fonts/type1/public/amsfonts/cm/cmmi7.pfb><C:/Program 
Files (x86)/MiKTeX 2.9/fonts/type1/public/amsfonts/cm/cmmi9.pfb><C:/Program Fil
es (x86)/MiKTeX 2.9/fonts/type1/public/amsfonts/cm/cmr10.pfb><C:/Program Files 
(x86)/MiKTeX 2.9/fonts/type1/public/amsfonts/cm/cmr12.pfb><C:/Program Files (x8
6)/MiKTeX 2.9/fonts/type1/public/amsfonts/cm/cmr5.pfb><C:/Program Files (x86)/M
iKTeX 2.9/fonts/type1/public/amsfonts/cm/cmr7.pfb><C:/Program Files (x86)/MiKTe
X 2.9/fonts/type1/public/amsfonts/cm/cmr9.pfb><C:/Program Files (x86)/MiKTeX 2.
9/fonts/type1/public/amsfonts/cm/cmsy10.pfb><C:/Program Files (x86)/MiKTeX 2.9/
fonts/type1/public/amsfonts/cm/cmsy5.pfb><C:/Program Files (x86)/MiKTeX 2.9/fon
ts/type1/public/amsfonts/cm/cmsy7.pfb><C:/Program Files (x86)/MiKTeX 2.9/fonts/
type1/public/amsfonts/cm/cmti10.pfb>
Output written on thesis.pdf (45 pages, 1435250 bytes).
PDF statistics:
 230 PDF objects out of 1000 (max. 8388607)
 0 named destinations out of 1000 (max. 500000)
 91 words of extra memory for PDF output out of 10000 (max. 10000000)

