This is pdfTeX, Version 3.1415926-1.40.11 (MiKTeX 2.9) (preloaded format=pdftex 2018.3.8)  19 MAR 2018 14:49
entering extended mode
**D:/Users/ameni/Masters*work/Thesis/DissertationBackup/backmatter/proposalBib.
bib

("D:/Users/ameni/Masters work/Thesis/DissertationBackup/backmatter/proposalBib.
bib"
Missing character: There is no – in font cmr10!
Missing character: There is no – in font cmr10!
Missing character: There is no – in font cmr10!
 [1{C:/ProgramData/MiKTeX/2.9/pdftex/config/pdftex.map}]
Missing character: There is no – in font cmr10!
 [2] [3]
Missing character: There is no – in font cmr10!
 [4]
[5]
Missing character: There is no ø in font cmr10!
Missing character: There is no – in font cmr10!
Missing character: There is no – in font cmr10!
Missing character: There is no – in font cmr10!
Missing character: There is no — in font cmr10!
 [6]
Missing character: There is no – in font cmr10!
 [7]
Overfull \hbox (2.30031pt too wide) in paragraph at lines 1193--1202
\tenrm tech-niques;remote sens-ing;source separation;Kuhn-Tucker equa-tion;MVSA
;SQP method;canonical source sep-|

\hbox(6.94444+1.94444)x469.75499, glue set - 1.0
.\tenrm t
.\tenrm e
.\tenrm c
.\kern-0.27779
.\tenrm h
.etc.


Overfull \hbox (17.94055pt too wide) in paragraph at lines 1193--1202
\tenrm a-ra-tion scenario;end-member sig-na-ture;hyperspectral data;hyperspectr
al un-mix-ing;linear mix-ing model;minimum|

\hbox(6.94444+1.94444)x469.75499, glue set - 1.0
.\tenrm a
.\discretionary
..\tenrm -
.\tenrm r
.\tenrm a
.\discretionary
..\tenrm -
.etc.


Overfull \hbox (6.30159pt too wide) in paragraph at lines 1193--1202
\tenrm sep-a-ra-tion algorithm;state-of-the-art per-for-mance;Algorithm de-sign
 and anal-y-sis;Bayesian meth-ods;Constraint|

\hbox(6.94444+1.94444)x469.75499, glue set - 1.0
.\tenrm s
.\tenrm e
.\tenrm p
.\discretionary
..\tenrm -
.\tenrm a
.etc.


Overfull \hbox (122.63512pt too wide) in paragraph at lines 1193--1202
\tenrm op-ti-miza-tion;Fasteners;Hyperspectral imag-ing;Inference al-go-rithms;
Layout;Source sep-a-ra-tion;Telecommunications;Vectors;Hyperspectral|

\hbox(6.94444+1.94444)x469.75499, glue set - 1.0
.\tenrm o
.\tenrm p
.\discretionary
..\tenrm -
.\tenrm t
.\tenrm i
.etc.

[8]
Overfull \hbox (13.75996pt too wide) in paragraph at lines 1349--1399
\tenrm ing;geophysical tech-niques;image clas-si-fi-ca-tion;image pro-cess-ing;
, doi=10.1109/TGRS.2007.904951, ISSN=0196-|

\hbox(7.5+2.5)x469.75499, glue set - 1.0
.\tenrm i
.\tenrm n
.\tenrm g
.\tenrm ;
.\tenrm g
.etc.


Overfull \hbox (41.67664pt too wide) in paragraph at lines 1400--1412
\tenrm words=Clustering al-go-rithms;Detectors;Feature ex-trac-tion;Ground pen-
e-trat-ing radar;Landmine de-tec-tion;Partitioning|

\hbox(6.94444+1.94444)x469.75499, glue set - 1.0
.\tenrm w
.\kern-0.27779
.\tenrm o
.\tenrm r
.\tenrm d
.etc.


Overfull \hbox (23.5516pt too wide) in paragraph at lines 1400--1412
\tenrm duc-tion;feature ex-trac-tion;geophysical sig-nal pro-cess-ing;geophysic
al tech-niques;ground pen-e-trat-ing radar;landmine|

\hbox(6.94444+1.94444)x469.75499, glue set - 1.0
.\tenrm d
.\tenrm u
.\tenrm c
.\discretionary
..\tenrm -
.\tenrm t
.etc.


Overfull \hbox (0.74602pt too wide) in paragraph at lines 1400--1412
\tenrm pen-e-trat-ing radar;mine type;multiple land-mine de-tec-tion al-go-rith
m;object burial depth;soil con-di-tion;weather|

\hbox(6.94444+1.94444)x469.75499, glue set - 1.0
.\tenrm p
.\kern0.27779
.\tenrm e
.\tenrm n
.\discretionary
..\tenrm -
.etc.


Overfull \hbox (113.96858pt too wide) in paragraph at lines 1400--1412
\tenrm con-di-tion;wideband elec-tro-mag-netic in-duc-tion;Algorithm fusion;GPR
;WEMI;multi-sensor fu-sion;, doi=10.1109/IGARSS.2008.4779005,|

\hbox(7.5+2.5)x469.75499, glue set - 1.0
.\tenrm c
.\tenrm o
.\tenrm n
.\discretionary
..\tenrm -
.\tenrm d
.etc.


Overfull \hbox (14.44052pt too wide) in paragraph at lines 1426--1438
\tenrm Mine De-tec-tion, year=2010, month=june, vol-ume=48, num-ber=6, pages=25
28-2543, key-words=electromagnetic|

\hbox(6.94444+1.94444)x469.75499, glue set - 1.0
.\tenrm M
.\tenrm i
.\tenrm n
.\tenrm e
.\glue 3.33333 plus 1.66666 minus 1.11111
.etc.


Overfull \hbox (3.88495pt too wide) in paragraph at lines 1426--1438
\tenrm in-duc-tion;ground pen-e-trat-ing radar;landmine de-tec-tion;burial dept
h;classification methods;context-dependent|

\hbox(6.94444+1.94444)x469.75499, glue set - 1.0
.\tenrm i
.\tenrm n
.\discretionary
..\tenrm -
.\tenrm d
.\tenrm u
.etc.


Overfull \hbox (44.30171pt too wide) in paragraph at lines 1426--1438
\tenrm mul-ti-sen-sor fu-sion;electromagnetic in-duc-tion;geographical site;gro
und-penetrating radar;land mine type;multialgorithm|

\hbox(6.94444+1.94444)x469.75499, glue set - 1.0
.\tenrm m
.\kern-0.27779
.\tenrm u
.\tenrm l
.\discretionary
..\tenrm -
.etc.


Overfull \hbox (24.14885pt too wide) in paragraph at lines 1426--1438
\tenrm con-di-tions;wideband elec-tro-mag-netic data;Electromagnetic in-duc-tio
n (EMI);ground-penetrating radar (GPR);land|

\hbox(7.5+2.5)x469.75499, glue set - 1.0
.\tenrm c
.\tenrm o
.\tenrm n
.\discretionary
..\tenrm -
.\tenrm d
.etc.

[9]
Overfull \hbox (23.80164pt too wide) in paragraph at lines 1449--1460
\tenrm tion;membership up-date equa-tions;objective func-tion;possibilistic ap-
proach;prototype up-date equa-tions;Clustering|

\hbox(6.94444+1.94444)x469.75499, glue set - 1.0
.\tenrm t
.\tenrm i
.\tenrm o
.\tenrm n
.\tenrm ;
.etc.


Overfull \hbox (7.49612pt too wide) in paragraph at lines 1480--1491
\tenrm mix-ing model, year=2001, vol-ume=39, num-ber=7, pages=1392-1409, key-wo
rds=feature ex-trac-tion;geophysical|

\hbox(6.94444+1.94444)x469.75499, glue set - 1.0
.\tenrm m
.\tenrm i
.\tenrm x
.\discretionary
..\tenrm -
.\tenrm i
.etc.


Overfull \hbox (29.10718pt too wide) in paragraph at lines 1480--1491
\tenrm ing;terrain map-ping;IR;algorithm;detectability;feature ex-trac-tion;geo
physical mea-sure-ment tech-nique;hyperspectral|

\hbox(6.94444+1.94444)x469.75499, glue set - 1.0
.\tenrm i
.\tenrm n
.\tenrm g
.\tenrm ;
.\tenrm t
.etc.


Overfull \hbox (31.4266pt too wide) in paragraph at lines 1480--1491
\tenrm na-ture;subpixel tar-get de-tec-tion;terrain map-ping;visible;Automatic 
test-ing;Detection al-go-rithms;Detectors;Gaussian|

\hbox(6.94444+1.94444)x469.75499, glue set - 1.0
.\tenrm n
.\tenrm a
.\discretionary
..\tenrm -
.\tenrm t
.\tenrm u
.etc.


Overfull \hbox (1.69032pt too wide) in paragraph at lines 1480--1491
\tenrm noise;Hyperspectral imag-ing;Hyperspectral sen-sors;Object de-tec-tion;R
obustness;Sensor phe-nom-ena and char-|

\hbox(6.94444+1.94444)x469.75499, glue set - 1.0
.\tenrm n
.\tenrm o
.\tenrm i
.\tenrm s
.\tenrm e
.etc.


Overfull \hbox (87.494pt too wide) in paragraph at lines 1492--1503
\tenrm ing;ACE sub-pixel al-go-rithm;AMSD sub-pixel al-go-rithm;hybrid de-tec-t
ors;hyperspectral im-agery anal-y-sis;physics;statistics;subpixel|

\hbox(6.94444+1.94444)x469.75499, glue set - 1.0
.\tenrm i
.\tenrm n
.\tenrm g
.\tenrm ;
.\tenrm A
.etc.


Overfull \hbox (51.46822pt too wide) in paragraph at lines 1492--1503
\tenrm al-go-rithms;Detectors;Hyperspectral imag-ing;Least squares meth-ods;Pix
el;Testing;Vectors;Target de-tec-tion;hyperspectral|

\hbox(6.94444+1.94444)x469.75499, glue set - 1.0
.\tenrm a
.\tenrm l
.\discretionary
..\tenrm -
.\tenrm g
.\tenrm o
.etc.


Overfull \hbox (17.87096pt too wide) in paragraph at lines 1492--1503
\tenrm data;spectral mix-ture mod-els;subspace de-tec-tors;Algorithms;Artificia
l In-tel-li-gence;Computer Graph-ics;Computer|

\hbox(6.94444+1.94444)x469.75499, glue set - 1.0
.\tenrm d
.\tenrm a
.\tenrm t
.\tenrm a
.\tenrm ;
.etc.


Overfull \hbox (22.49603pt too wide) in paragraph at lines 1492--1503
\tenrm Sim-u-la-tion;Data In-ter-pre-ta-tion, Sta-tis-ti-cal;Image En-hance-men
t;Image In-ter-pre-ta-tion, Computer-Assisted;Models,|

\hbox(6.94444+1.94444)x469.75499, glue set - 1.0
.\tenrm S
.\tenrm i
.\discretionary replacing 2
..\tenrm m
..\tenrm -
.\tenrm m
.\kern-0.27779
.etc.


Overfull \hbox (32.24612pt too wide) in paragraph at lines 1492--1503
\tenrm sults;Sensitivity and Speci-ficity;Signal Pro-cess-ing, Computer-Assiste
d, doi=10.1109/TPAMI.2007.1104, ISSN=0162-|

\hbox(7.5+2.5)x469.75499, glue set - 1.0
.\tenrm s
.\tenrm u
.\tenrm l
.\tenrm t
.\tenrm s
.etc.


Overfull \hbox (16.35715pt too wide) in paragraph at lines 1504--1515
\tenrm tech-niques;geophysics com-put-ing;image recog-ni-tion;optical in-for-ma
-tion pro-cess-ing;remote sens-ing;dimensionality|

\hbox(6.94444+1.94444)x469.75499, glue set - 1.0
.\tenrm t
.\tenrm e
.\tenrm c
.\kern-0.27779
.\tenrm h
.etc.


Overfull \hbox (1.32927pt too wide) in paragraph at lines 1504--1515
\tenrm re-duc-tion;geophysical mea-sure-ment tech-nique;hyperspectral im-age cl
as-si-fi-ca-tion;hyperspectral im-agery;image|

\hbox(6.94444+1.94444)x469.75499, glue set - 1.0
.\tenrm r
.\tenrm e
.\discretionary
..\tenrm -
.\tenrm d
.\tenrm u
.etc.


Overfull \hbox (34.07922pt too wide) in paragraph at lines 1504--1515
\tenrm pro-cess-ing;interference sup-pres-sion;interfering spec-tral sig-na-tur
e;land sur-face re-mote sens-ing;least squares;orthogonal|

\hbox(6.94444+1.94444)x469.75499, glue set - 1.0
.\tenrm p
.\tenrm r
.\discretionary replacing 2
..\tenrm o
..\tenrm -
.\tenrm o
.\kern0.27779
.etc.


Overfull \hbox (13.05153pt too wide) in paragraph at lines 1527--1538
\tenrm words=acoustic sig-nal de-tec-tion;adaptive es-ti-ma-tion;adaptive sig-n
al de-tec-tion;array sig-nal pro-cess-ing;covariance|

\hbox(6.94444+1.94444)x469.75499, glue set - 1.0
.\tenrm w
.\kern-0.27779
.\tenrm o
.\tenrm r
.\tenrm d
.etc.


Overfull \hbox (6.9404pt too wide) in paragraph at lines 1527--1538
\tenrm tion;noise co-vari-ance ma-tri-ces;performance;radar;signal de-tec-tion;
sonar;Covariance ma-trix;Detectors;Direction|

\hbox(6.94444+1.94444)x469.75499, glue set - 1.0
.\tenrm t
.\tenrm i
.\tenrm o
.\tenrm n
.\tenrm ;
.etc.

[10]
Overfull \hbox (26.41272pt too wide) in paragraph at lines 1557--1569
\tenrm struc-ture;hyperspectral imag-ing;image band;information mea-sure;interc
luster vari-ance;intracluster vari-ance;mutual|

\hbox(6.94444+1.94444)x469.75499, glue set - 1.0
.\tenrm s
.\tenrm t
.\tenrm r
.\tenrm u
.\tenrm c
.etc.

! Missing $ inserted.
<inserted text> 
                $
<to be read again> 
                   _
l.1578 ...ehu.es/ccwintco/index.php/Hyperspectral_
                                                  Remote_Sensing_Scenes},
? 
! Emergency stop.
<inserted text> 
                $
<to be read again> 
                   _
l.1578 ...ehu.es/ccwintco/index.php/Hyperspectral_
                                                  Remote_Sensing_Scenes},
End of file on the terminal!

!  ==> Fatal error occurred, no output PDF file produced!
